This file contains any messages produced by compilers while
running configure, to aid debugging if configure makes a mistake.

It was created by xf86-input-cmt configure 0.0.1, which was
generated by GNU Autoconf 2.69.  Invocation command line was

  $ ./configure --prefix=/usr

## --------- ##
## Platform. ##
## --------- ##

hostname = blurp
uname -m = x86_64
uname -r = 3.11.0-15-generic
uname -s = Linux
uname -v = #23 SMP Sat Jan 11 14:56:03 MST 2014

/usr/bin/uname -p = unknown
/bin/uname -X     = unknown

/bin/arch              = unknown
/usr/bin/arch -k       = unknown
/usr/convex/getsysinfo = unknown
/usr/bin/hostinfo      = unknown
/bin/machine           = unknown
/usr/bin/oslevel       = unknown
/bin/universe          = unknown

PATH: /usr/lib/lightdm/lightdm
PATH: /usr/local/sbin
PATH: /usr/local/bin
PATH: /usr/sbin
PATH: /usr/bin
PATH: /sbin
PATH: /bin
PATH: /usr/games
PATH: /usr/local/games


## ----------- ##
## Core tests. ##
## ----------- ##

configure:2270: checking for a BSD-compatible install
configure:2338: result: /usr/bin/install -c
configure:2349: checking whether build environment is sane
configure:2404: result: yes
configure:2555: checking for a thread-safe mkdir -p
configure:2594: result: /bin/mkdir -p
configure:2601: checking for gawk
configure:2617: found /usr/bin/gawk
configure:2628: result: gawk
configure:2639: checking whether make sets $(MAKE)
configure:2661: result: yes
configure:2690: checking whether make supports nested variables
configure:2707: result: yes
configure:2792: checking whether to enable maintainer-specific portions of Makefiles
configure:2801: result: no
configure:2876: checking build system type
configure:2890: result: x86_64-unknown-linux-gnu
configure:2910: checking host system type
configure:2923: result: x86_64-unknown-linux-gnu
configure:2964: checking how to print strings
configure:2991: result: printf
configure:3024: checking for style of include used by make
configure:3052: result: GNU
configure:3123: checking for gcc
configure:3139: found /usr/bin/gcc
configure:3150: result: gcc
configure:3379: checking for C compiler version
configure:3388: gcc --version >&5
gcc (Ubuntu/Linaro 4.8.1-10ubuntu9) 4.8.1
Copyright (C) 2013 Free Software Foundation, Inc.
This is free software; see the source for copying conditions.  There is NO
warranty; not even for MERCHANTABILITY or FITNESS FOR A PARTICULAR PURPOSE.

configure:3399: $? = 0
configure:3388: gcc -v >&5
Using built-in specs.
COLLECT_GCC=gcc
COLLECT_LTO_WRAPPER=/usr/lib/gcc/x86_64-linux-gnu/4.8/lto-wrapper
Target: x86_64-linux-gnu
Configured with: ../src/configure -v --with-pkgversion='Ubuntu/Linaro 4.8.1-10ubuntu9' --with-bugurl=file:///usr/share/doc/gcc-4.8/README.Bugs --enable-languages=c,c++,java,go,d,fortran,objc,obj-c++ --prefix=/usr --program-suffix=-4.8 --enable-shared --enable-linker-build-id --libexecdir=/usr/lib --without-included-gettext --enable-threads=posix --with-gxx-include-dir=/usr/include/c++/4.8 --libdir=/usr/lib --enable-nls --with-sysroot=/ --enable-clocale=gnu --enable-libstdcxx-debug --enable-libstdcxx-time=yes --enable-gnu-unique-object --enable-plugin --with-system-zlib --disable-browser-plugin --enable-java-awt=gtk --enable-gtk-cairo --with-java-home=/usr/lib/jvm/java-1.5.0-gcj-4.8-amd64/jre --enable-java-home --with-jvm-root-dir=/usr/lib/jvm/java-1.5.0-gcj-4.8-amd64 --with-jvm-jar-dir=/usr/lib/jvm-exports/java-1.5.0-gcj-4.8-amd64 --with-arch-directory=amd64 --with-ecj-jar=/usr/share/java/eclipse-ecj.jar --enable-objc-gc --enable-multiarch --disable-werror --with-arch-32=i686 --with-abi=m64 --with-multilib-list=m32,m64,mx32 --with-tune=generic --enable-checking=release --build=x86_64-linux-gnu --host=x86_64-linux-gnu --target=x86_64-linux-gnu
Thread model: posix
gcc version 4.8.1 (Ubuntu/Linaro 4.8.1-10ubuntu9) 
configure:3399: $? = 0
configure:3388: gcc -V >&5
gcc: error: unrecognized command line option '-V'
gcc: fatal error: no input files
compilation terminated.
configure:3399: $? = 4
configure:3388: gcc -qversion >&5
gcc: error: unrecognized command line option '-qversion'
gcc: fatal error: no input files
compilation terminated.
configure:3399: $? = 4
configure:3419: checking whether the C compiler works
configure:3441: gcc    conftest.c  >&5
configure:3445: $? = 0
configure:3493: result: yes
configure:3496: checking for C compiler default output file name
configure:3498: result: a.out
configure:3504: checking for suffix of executables
configure:3511: gcc -o conftest    conftest.c  >&5
configure:3515: $? = 0
configure:3537: result: 
configure:3559: checking whether we are cross compiling
configure:3567: gcc -o conftest    conftest.c  >&5
configure:3571: $? = 0
configure:3578: ./conftest
configure:3582: $? = 0
configure:3597: result: no
configure:3602: checking for suffix of object files
configure:3624: gcc -c   conftest.c >&5
configure:3628: $? = 0
configure:3649: result: o
configure:3653: checking whether we are using the GNU C compiler
configure:3672: gcc -c   conftest.c >&5
configure:3672: $? = 0
configure:3681: result: yes
configure:3690: checking whether gcc accepts -g
configure:3710: gcc -c -g  conftest.c >&5
configure:3710: $? = 0
configure:3751: result: yes
configure:3768: checking for gcc option to accept ISO C89
configure:3831: gcc  -c -g -O2  conftest.c >&5
configure:3831: $? = 0
configure:3844: result: none needed
configure:3866: checking dependency style of gcc
configure:3977: result: gcc3
configure:3992: checking for a sed that does not truncate output
configure:4056: result: /bin/sed
configure:4074: checking for grep that handles long lines and -e
configure:4132: result: /bin/grep
configure:4137: checking for egrep
configure:4199: result: /bin/grep -E
configure:4204: checking for fgrep
configure:4266: result: /bin/grep -F
configure:4301: checking for ld used by gcc
configure:4368: result: /usr/bin/ld
configure:4375: checking if the linker (/usr/bin/ld) is GNU ld
configure:4390: result: yes
configure:4402: checking for BSD- or MS-compatible name lister (nm)
configure:4451: result: /usr/bin/nm -B
configure:4581: checking the name lister (/usr/bin/nm -B) interface
configure:4588: gcc -c -g -O2  conftest.c >&5
configure:4591: /usr/bin/nm -B "conftest.o"
configure:4594: output
0000000000000000 B some_variable
configure:4601: result: BSD nm
configure:4604: checking whether ln -s works
configure:4608: result: yes
configure:4616: checking the maximum length of command line arguments
configure:4747: result: 1572864
configure:4764: checking whether the shell understands some XSI constructs
configure:4774: result: yes
configure:4778: checking whether the shell understands "+="
configure:4784: result: yes
configure:4819: checking how to convert x86_64-unknown-linux-gnu file names to x86_64-unknown-linux-gnu format
configure:4859: result: func_convert_file_noop
configure:4866: checking how to convert x86_64-unknown-linux-gnu file names to toolchain format
configure:4886: result: func_convert_file_noop
configure:4893: checking for /usr/bin/ld option to reload object files
configure:4900: result: -r
configure:4974: checking for objdump
configure:4990: found /usr/bin/objdump
configure:5001: result: objdump
configure:5033: checking how to recognize dependent libraries
configure:5231: result: pass_all
configure:5316: checking for dlltool
configure:5346: result: no
configure:5376: checking how to associate runtime and link libraries
configure:5403: result: printf %s\n
configure:5464: checking for ar
configure:5480: found /usr/bin/ar
configure:5491: result: ar
configure:5528: checking for archiver @FILE support
configure:5545: gcc -c -g -O2  conftest.c >&5
configure:5545: $? = 0
configure:5548: ar cru libconftest.a @conftest.lst >&5
configure:5551: $? = 0
configure:5556: ar cru libconftest.a @conftest.lst >&5
ar: conftest.o: No such file or directory
configure:5559: $? = 1
configure:5571: result: @
configure:5629: checking for strip
configure:5645: found /usr/bin/strip
configure:5656: result: strip
configure:5728: checking for ranlib
configure:5744: found /usr/bin/ranlib
configure:5755: result: ranlib
configure:5857: checking command to parse /usr/bin/nm -B output from gcc object
configure:5977: gcc -c -g -O2  conftest.c >&5
configure:5980: $? = 0
configure:5984: /usr/bin/nm -B conftest.o \| sed -n -e 's/^.*[ ]\([ABCDGIRSTW][ABCDGIRSTW]*\)[ ][ ]*\([_A-Za-z][_A-Za-z0-9]*\)$/\1 \2 \2/p' | sed '/ __gnu_lto/d' \> conftest.nm
configure:5987: $? = 0
configure:6053: gcc -o conftest -g -O2   conftest.c conftstm.o >&5
configure:6056: $? = 0
configure:6094: result: ok
configure:6131: checking for sysroot
configure:6161: result: no
configure:6238: gcc -c -g -O2  conftest.c >&5
configure:6241: $? = 0
configure:6424: checking for mt
configure:6440: found /bin/mt
configure:6451: result: mt
configure:6474: checking if mt is a manifest tool
configure:6480: mt '-?'
configure:6488: result: no
configure:7130: checking how to run the C preprocessor
configure:7161: gcc -E  conftest.c
configure:7161: $? = 0
configure:7175: gcc -E  conftest.c
conftest.c:11:28: fatal error: ac_nonexistent.h: No such file or directory
 #include <ac_nonexistent.h>
                            ^
compilation terminated.
configure:7175: $? = 1
configure: failed program was:
| /* confdefs.h */
| #define PACKAGE_NAME "xf86-input-cmt"
| #define PACKAGE_TARNAME "xf86-input-cmt"
| #define PACKAGE_VERSION "0.0.1"
| #define PACKAGE_STRING "xf86-input-cmt 0.0.1"
| #define PACKAGE_BUGREPORT "http://crosbug.com/"
| #define PACKAGE_URL ""
| #define PACKAGE "xf86-input-cmt"
| #define VERSION "0.0.1"
| /* end confdefs.h.  */
| #include <ac_nonexistent.h>
configure:7200: result: gcc -E
configure:7220: gcc -E  conftest.c
configure:7220: $? = 0
configure:7234: gcc -E  conftest.c
conftest.c:11:28: fatal error: ac_nonexistent.h: No such file or directory
 #include <ac_nonexistent.h>
                            ^
compilation terminated.
configure:7234: $? = 1
configure: failed program was:
| /* confdefs.h */
| #define PACKAGE_NAME "xf86-input-cmt"
| #define PACKAGE_TARNAME "xf86-input-cmt"
| #define PACKAGE_VERSION "0.0.1"
| #define PACKAGE_STRING "xf86-input-cmt 0.0.1"
| #define PACKAGE_BUGREPORT "http://crosbug.com/"
| #define PACKAGE_URL ""
| #define PACKAGE "xf86-input-cmt"
| #define VERSION "0.0.1"
| /* end confdefs.h.  */
| #include <ac_nonexistent.h>
configure:7263: checking for ANSI C header files
configure:7283: gcc -c -g -O2  conftest.c >&5
configure:7283: $? = 0
configure:7356: gcc -o conftest -g -O2   conftest.c  >&5
configure:7356: $? = 0
configure:7356: ./conftest
configure:7356: $? = 0
configure:7367: result: yes
configure:7380: checking for sys/types.h
configure:7380: gcc -c -g -O2  conftest.c >&5
configure:7380: $? = 0
configure:7380: result: yes
configure:7380: checking for sys/stat.h
configure:7380: gcc -c -g -O2  conftest.c >&5
configure:7380: $? = 0
configure:7380: result: yes
configure:7380: checking for stdlib.h
configure:7380: gcc -c -g -O2  conftest.c >&5
configure:7380: $? = 0
configure:7380: result: yes
configure:7380: checking for string.h
configure:7380: gcc -c -g -O2  conftest.c >&5
configure:7380: $? = 0
configure:7380: result: yes
configure:7380: checking for memory.h
configure:7380: gcc -c -g -O2  conftest.c >&5
configure:7380: $? = 0
configure:7380: result: yes
configure:7380: checking for strings.h
configure:7380: gcc -c -g -O2  conftest.c >&5
configure:7380: $? = 0
configure:7380: result: yes
configure:7380: checking for inttypes.h
configure:7380: gcc -c -g -O2  conftest.c >&5
configure:7380: $? = 0
configure:7380: result: yes
configure:7380: checking for stdint.h
configure:7380: gcc -c -g -O2  conftest.c >&5
configure:7380: $? = 0
configure:7380: result: yes
configure:7380: checking for unistd.h
configure:7380: gcc -c -g -O2  conftest.c >&5
configure:7380: $? = 0
configure:7380: result: yes
configure:7394: checking for dlfcn.h
configure:7394: gcc -c -g -O2  conftest.c >&5
configure:7394: $? = 0
configure:7394: result: yes
configure:7570: checking for objdir
configure:7585: result: .libs
configure:7852: checking if gcc supports -fno-rtti -fno-exceptions
configure:7870: gcc -c -g -O2  -fno-rtti -fno-exceptions conftest.c >&5
cc1: warning: command line option '-fno-rtti' is valid for C++/ObjC++ but not for C [enabled by default]
configure:7874: $? = 0
configure:7887: result: no
configure:8214: checking for gcc option to produce PIC
configure:8221: result: -fPIC -DPIC
configure:8229: checking if gcc PIC flag -fPIC -DPIC works
configure:8247: gcc -c -g -O2  -fPIC -DPIC -DPIC conftest.c >&5
configure:8251: $? = 0
configure:8264: result: yes
configure:8293: checking if gcc static flag -static works
configure:8321: result: yes
configure:8336: checking if gcc supports -c -o file.o
configure:8357: gcc -c -g -O2  -o out/conftest2.o conftest.c >&5
configure:8361: $? = 0
configure:8383: result: yes
configure:8391: checking if gcc supports -c -o file.o
configure:8438: result: yes
configure:8471: checking whether the gcc linker (/usr/bin/ld -m elf_x86_64) supports shared libraries
configure:9628: result: yes
configure:9665: checking whether -lc should be explicitly linked in
configure:9673: gcc -c -g -O2  conftest.c >&5
configure:9676: $? = 0
configure:9691: gcc -shared  -fPIC -DPIC conftest.o  -v -Wl,-soname -Wl,conftest -o conftest 2\>\&1 \| /bin/grep  -lc  \>/dev/null 2\>\&1
configure:9694: $? = 0
configure:9708: result: no
configure:9868: checking dynamic linker characteristics
configure:10368: gcc -o conftest -g -O2   -Wl,-rpath -Wl,/foo conftest.c  >&5
configure:10368: $? = 0
configure:10602: result: GNU/Linux ld.so
configure:10709: checking how to hardcode library paths into programs
configure:10734: result: immediate
configure:11274: checking whether stripping libraries is possible
configure:11279: result: yes
configure:11314: checking if libtool supports shared libraries
configure:11316: result: yes
configure:11319: checking whether to build shared libraries
configure:11340: result: yes
configure:11343: checking whether to build static libraries
configure:11347: result: no
configure:11397: checking for gcc option to accept ISO C99
configure:11546: gcc  -c -g -O2  conftest.c >&5
conftest.c:73:29: error: expected ';', ',' or ')' before 'text'
 test_restrict (ccp restrict text)
                             ^
conftest.c: In function 'main':
conftest.c:127:18: error: expected '=', ',', ';', 'asm' or '__attribute__' before 'newvar'
   char *restrict newvar = "Another string";
                  ^
conftest.c:127:18: error: 'newvar' undeclared (first use in this function)
conftest.c:127:18: note: each undeclared identifier is reported only once for each function it appears in
conftest.c:137:3: error: 'for' loop initial declarations are only allowed in C99 mode
   for (int i = 0; i < ia->datasize; ++i)
   ^
conftest.c:137:3: note: use option -std=c99 or -std=gnu99 to compile your code
configure:11546: $? = 1
configure: failed program was:
| /* confdefs.h */
| #define PACKAGE_NAME "xf86-input-cmt"
| #define PACKAGE_TARNAME "xf86-input-cmt"
| #define PACKAGE_VERSION "0.0.1"
| #define PACKAGE_STRING "xf86-input-cmt 0.0.1"
| #define PACKAGE_BUGREPORT "http://crosbug.com/"
| #define PACKAGE_URL ""
| #define PACKAGE "xf86-input-cmt"
| #define VERSION "0.0.1"
| #define STDC_HEADERS 1
| #define HAVE_SYS_TYPES_H 1
| #define HAVE_SYS_STAT_H 1
| #define HAVE_STDLIB_H 1
| #define HAVE_STRING_H 1
| #define HAVE_MEMORY_H 1
| #define HAVE_STRINGS_H 1
| #define HAVE_INTTYPES_H 1
| #define HAVE_STDINT_H 1
| #define HAVE_UNISTD_H 1
| #define HAVE_DLFCN_H 1
| #define LT_OBJDIR ".libs/"
| /* end confdefs.h.  */
| #include <stdarg.h>
| #include <stdbool.h>
| #include <stdlib.h>
| #include <wchar.h>
| #include <stdio.h>
| 
| // Check varargs macros.  These examples are taken from C99 6.10.3.5.
| #define debug(...) fprintf (stderr, __VA_ARGS__)
| #define showlist(...) puts (#__VA_ARGS__)
| #define report(test,...) ((test) ? puts (#test) : printf (__VA_ARGS__))
| static void
| test_varargs_macros (void)
| {
|   int x = 1234;
|   int y = 5678;
|   debug ("Flag");
|   debug ("X = %d\n", x);
|   showlist (The first, second, and third items.);
|   report (x>y, "x is %d but y is %d", x, y);
| }
| 
| // Check long long types.
| #define BIG64 18446744073709551615ull
| #define BIG32 4294967295ul
| #define BIG_OK (BIG64 / BIG32 == 4294967297ull && BIG64 % BIG32 == 0)
| #if !BIG_OK
|   your preprocessor is broken;
| #endif
| #if BIG_OK
| #else
|   your preprocessor is broken;
| #endif
| static long long int bignum = -9223372036854775807LL;
| static unsigned long long int ubignum = BIG64;
| 
| struct incomplete_array
| {
|   int datasize;
|   double data[];
| };
| 
| struct named_init {
|   int number;
|   const wchar_t *name;
|   double average;
| };
| 
| typedef const char *ccp;
| 
| static inline int
| test_restrict (ccp restrict text)
| {
|   // See if C++-style comments work.
|   // Iterate through items via the restricted pointer.
|   // Also check for declarations in for loops.
|   for (unsigned int i = 0; *(text+i) != '\0'; ++i)
|     continue;
|   return 0;
| }
| 
| // Check varargs and va_copy.
| static void
| test_varargs (const char *format, ...)
| {
|   va_list args;
|   va_start (args, format);
|   va_list args_copy;
|   va_copy (args_copy, args);
| 
|   const char *str;
|   int number;
|   float fnumber;
| 
|   while (*format)
|     {
|       switch (*format++)
| 	{
| 	case 's': // string
| 	  str = va_arg (args_copy, const char *);
| 	  break;
| 	case 'd': // int
| 	  number = va_arg (args_copy, int);
| 	  break;
| 	case 'f': // float
| 	  fnumber = va_arg (args_copy, double);
| 	  break;
| 	default:
| 	  break;
| 	}
|     }
|   va_end (args_copy);
|   va_end (args);
| }
| 
| int
| main ()
| {
| 
|   // Check bool.
|   _Bool success = false;
| 
|   // Check restrict.
|   if (test_restrict ("String literal") == 0)
|     success = true;
|   char *restrict newvar = "Another string";
| 
|   // Check varargs.
|   test_varargs ("s, d' f .", "string", 65, 34.234);
|   test_varargs_macros ();
| 
|   // Check flexible array members.
|   struct incomplete_array *ia =
|     malloc (sizeof (struct incomplete_array) + (sizeof (double) * 10));
|   ia->datasize = 10;
|   for (int i = 0; i < ia->datasize; ++i)
|     ia->data[i] = i * 1.234;
| 
|   // Check named initializers.
|   struct named_init ni = {
|     .number = 34,
|     .name = L"Test wide string",
|     .average = 543.34343,
|   };
| 
|   ni.number = 58;
| 
|   int dynamic_array[ni.number];
|   dynamic_array[ni.number - 1] = 543;
| 
|   // work around unused variable warnings
|   return (!success || bignum == 0LL || ubignum == 0uLL || newvar[0] == 'x'
| 	  || dynamic_array[ni.number - 1] != 543);
| 
|   ;
|   return 0;
| }
configure:11546: gcc -std=gnu99 -c -g -O2  conftest.c >&5
configure:11546: $? = 0
configure:11566: result: -std=gnu99
configure:11578: checking whether __clang__ is declared
configure:11578: gcc -std=gnu99 -c -g -O2  conftest.c >&5
conftest.c: In function 'main':
conftest.c:63:10: error: '__clang__' undeclared (first use in this function)
   (void) __clang__;
          ^
conftest.c:63:10: note: each undeclared identifier is reported only once for each function it appears in
configure:11578: $? = 1
configure: failed program was:
| /* confdefs.h */
| #define PACKAGE_NAME "xf86-input-cmt"
| #define PACKAGE_TARNAME "xf86-input-cmt"
| #define PACKAGE_VERSION "0.0.1"
| #define PACKAGE_STRING "xf86-input-cmt 0.0.1"
| #define PACKAGE_BUGREPORT "http://crosbug.com/"
| #define PACKAGE_URL ""
| #define PACKAGE "xf86-input-cmt"
| #define VERSION "0.0.1"
| #define STDC_HEADERS 1
| #define HAVE_SYS_TYPES_H 1
| #define HAVE_SYS_STAT_H 1
| #define HAVE_STDLIB_H 1
| #define HAVE_STRING_H 1
| #define HAVE_MEMORY_H 1
| #define HAVE_STRINGS_H 1
| #define HAVE_INTTYPES_H 1
| #define HAVE_STDINT_H 1
| #define HAVE_UNISTD_H 1
| #define HAVE_DLFCN_H 1
| #define LT_OBJDIR ".libs/"
| /* end confdefs.h.  */
| #include <stdio.h>
| #ifdef HAVE_SYS_TYPES_H
| # include <sys/types.h>
| #endif
| #ifdef HAVE_SYS_STAT_H
| # include <sys/stat.h>
| #endif
| #ifdef STDC_HEADERS
| # include <stdlib.h>
| # include <stddef.h>
| #else
| # ifdef HAVE_STDLIB_H
| #  include <stdlib.h>
| # endif
| #endif
| #ifdef HAVE_STRING_H
| # if !defined STDC_HEADERS && defined HAVE_MEMORY_H
| #  include <memory.h>
| # endif
| # include <string.h>
| #endif
| #ifdef HAVE_STRINGS_H
| # include <strings.h>
| #endif
| #ifdef HAVE_INTTYPES_H
| # include <inttypes.h>
| #endif
| #ifdef HAVE_STDINT_H
| # include <stdint.h>
| #endif
| #ifdef HAVE_UNISTD_H
| # include <unistd.h>
| #endif
| int
| main ()
| {
| #ifndef __clang__
| #ifdef __cplusplus
|   (void) __clang__;
| #else
|   (void) __clang__;
| #endif
| #endif
| 
|   ;
|   return 0;
| }
configure:11578: result: no
configure:11585: checking whether __INTEL_COMPILER is declared
configure:11585: gcc -std=gnu99 -c -g -O2  conftest.c >&5
conftest.c: In function 'main':
conftest.c:63:10: error: '__INTEL_COMPILER' undeclared (first use in this function)
   (void) __INTEL_COMPILER;
          ^
conftest.c:63:10: note: each undeclared identifier is reported only once for each function it appears in
configure:11585: $? = 1
configure: failed program was:
| /* confdefs.h */
| #define PACKAGE_NAME "xf86-input-cmt"
| #define PACKAGE_TARNAME "xf86-input-cmt"
| #define PACKAGE_VERSION "0.0.1"
| #define PACKAGE_STRING "xf86-input-cmt 0.0.1"
| #define PACKAGE_BUGREPORT "http://crosbug.com/"
| #define PACKAGE_URL ""
| #define PACKAGE "xf86-input-cmt"
| #define VERSION "0.0.1"
| #define STDC_HEADERS 1
| #define HAVE_SYS_TYPES_H 1
| #define HAVE_SYS_STAT_H 1
| #define HAVE_STDLIB_H 1
| #define HAVE_STRING_H 1
| #define HAVE_MEMORY_H 1
| #define HAVE_STRINGS_H 1
| #define HAVE_INTTYPES_H 1
| #define HAVE_STDINT_H 1
| #define HAVE_UNISTD_H 1
| #define HAVE_DLFCN_H 1
| #define LT_OBJDIR ".libs/"
| /* end confdefs.h.  */
| #include <stdio.h>
| #ifdef HAVE_SYS_TYPES_H
| # include <sys/types.h>
| #endif
| #ifdef HAVE_SYS_STAT_H
| # include <sys/stat.h>
| #endif
| #ifdef STDC_HEADERS
| # include <stdlib.h>
| # include <stddef.h>
| #else
| # ifdef HAVE_STDLIB_H
| #  include <stdlib.h>
| # endif
| #endif
| #ifdef HAVE_STRING_H
| # if !defined STDC_HEADERS && defined HAVE_MEMORY_H
| #  include <memory.h>
| # endif
| # include <string.h>
| #endif
| #ifdef HAVE_STRINGS_H
| # include <strings.h>
| #endif
| #ifdef HAVE_INTTYPES_H
| # include <inttypes.h>
| #endif
| #ifdef HAVE_STDINT_H
| # include <stdint.h>
| #endif
| #ifdef HAVE_UNISTD_H
| # include <unistd.h>
| #endif
| int
| main ()
| {
| #ifndef __INTEL_COMPILER
| #ifdef __cplusplus
|   (void) __INTEL_COMPILER;
| #else
|   (void) __INTEL_COMPILER;
| #endif
| #endif
| 
|   ;
|   return 0;
| }
configure:11585: result: no
configure:11592: checking whether __SUNPRO_C is declared
configure:11592: gcc -std=gnu99 -c -g -O2  conftest.c >&5
conftest.c: In function 'main':
conftest.c:63:10: error: '__SUNPRO_C' undeclared (first use in this function)
   (void) __SUNPRO_C;
          ^
conftest.c:63:10: note: each undeclared identifier is reported only once for each function it appears in
configure:11592: $? = 1
configure: failed program was:
| /* confdefs.h */
| #define PACKAGE_NAME "xf86-input-cmt"
| #define PACKAGE_TARNAME "xf86-input-cmt"
| #define PACKAGE_VERSION "0.0.1"
| #define PACKAGE_STRING "xf86-input-cmt 0.0.1"
| #define PACKAGE_BUGREPORT "http://crosbug.com/"
| #define PACKAGE_URL ""
| #define PACKAGE "xf86-input-cmt"
| #define VERSION "0.0.1"
| #define STDC_HEADERS 1
| #define HAVE_SYS_TYPES_H 1
| #define HAVE_SYS_STAT_H 1
| #define HAVE_STDLIB_H 1
| #define HAVE_STRING_H 1
| #define HAVE_MEMORY_H 1
| #define HAVE_STRINGS_H 1
| #define HAVE_INTTYPES_H 1
| #define HAVE_STDINT_H 1
| #define HAVE_UNISTD_H 1
| #define HAVE_DLFCN_H 1
| #define LT_OBJDIR ".libs/"
| /* end confdefs.h.  */
| #include <stdio.h>
| #ifdef HAVE_SYS_TYPES_H
| # include <sys/types.h>
| #endif
| #ifdef HAVE_SYS_STAT_H
| # include <sys/stat.h>
| #endif
| #ifdef STDC_HEADERS
| # include <stdlib.h>
| # include <stddef.h>
| #else
| # ifdef HAVE_STDLIB_H
| #  include <stdlib.h>
| # endif
| #endif
| #ifdef HAVE_STRING_H
| # if !defined STDC_HEADERS && defined HAVE_MEMORY_H
| #  include <memory.h>
| # endif
| # include <string.h>
| #endif
| #ifdef HAVE_STRINGS_H
| # include <strings.h>
| #endif
| #ifdef HAVE_INTTYPES_H
| # include <inttypes.h>
| #endif
| #ifdef HAVE_STDINT_H
| # include <stdint.h>
| #endif
| #ifdef HAVE_UNISTD_H
| # include <unistd.h>
| #endif
| int
| main ()
| {
| #ifndef __SUNPRO_C
| #ifdef __cplusplus
|   (void) __SUNPRO_C;
| #else
|   (void) __SUNPRO_C;
| #endif
| #endif
| 
|   ;
|   return 0;
| }
configure:11592: result: no
configure:11654: checking for pkg-config
configure:11672: found /usr/bin/pkg-config
configure:11684: result: /usr/bin/pkg-config
configure:11709: checking pkg-config is at least version 0.9.0
configure:11712: result: yes
configure:11761: checking if gcc -std=gnu99 supports -Werror=unknown-warning-option
configure:11770: gcc -std=gnu99 -c -g -O2 -Werror=unknown-warning-option  conftest.c >&5
cc1: error: -Werror=unknown-warning-option: no option -Wunknown-warning-option
configure:11770: $? = 1
configure: failed program was:
| /* confdefs.h */
| #define PACKAGE_NAME "xf86-input-cmt"
| #define PACKAGE_TARNAME "xf86-input-cmt"
| #define PACKAGE_VERSION "0.0.1"
| #define PACKAGE_STRING "xf86-input-cmt 0.0.1"
| #define PACKAGE_BUGREPORT "http://crosbug.com/"
| #define PACKAGE_URL ""
| #define PACKAGE "xf86-input-cmt"
| #define VERSION "0.0.1"
| #define STDC_HEADERS 1
| #define HAVE_SYS_TYPES_H 1
| #define HAVE_SYS_STAT_H 1
| #define HAVE_STDLIB_H 1
| #define HAVE_STRING_H 1
| #define HAVE_MEMORY_H 1
| #define HAVE_STRINGS_H 1
| #define HAVE_INTTYPES_H 1
| #define HAVE_STDINT_H 1
| #define HAVE_UNISTD_H 1
| #define HAVE_DLFCN_H 1
| #define LT_OBJDIR ".libs/"
| /* end confdefs.h.  */
| int i;
configure:11777: result: no
configure:11788: checking if gcc -std=gnu99 supports -Werror=unused-command-line-argument
configure:11797: gcc -std=gnu99 -c -g -O2 -Werror=unused-command-line-argument  conftest.c >&5
cc1: error: -Werror=unused-command-line-argument: no option -Wunused-command-line-argument
configure:11797: $? = 1
configure: failed program was:
| /* confdefs.h */
| #define PACKAGE_NAME "xf86-input-cmt"
| #define PACKAGE_TARNAME "xf86-input-cmt"
| #define PACKAGE_VERSION "0.0.1"
| #define PACKAGE_STRING "xf86-input-cmt 0.0.1"
| #define PACKAGE_BUGREPORT "http://crosbug.com/"
| #define PACKAGE_URL ""
| #define PACKAGE "xf86-input-cmt"
| #define VERSION "0.0.1"
| #define STDC_HEADERS 1
| #define HAVE_SYS_TYPES_H 1
| #define HAVE_SYS_STAT_H 1
| #define HAVE_STDLIB_H 1
| #define HAVE_STRING_H 1
| #define HAVE_MEMORY_H 1
| #define HAVE_STRINGS_H 1
| #define HAVE_INTTYPES_H 1
| #define HAVE_STDINT_H 1
| #define HAVE_UNISTD_H 1
| #define HAVE_DLFCN_H 1
| #define LT_OBJDIR ".libs/"
| /* end confdefs.h.  */
| int i;
configure:11804: result: no
configure:11823: checking if gcc -std=gnu99 supports-Wall
configure:11840: gcc -std=gnu99 -o conftest -g -O2 -Wall   conftest.c  >&5
configure:11840: $? = 0
configure:11853: result: yes
configure:11941: checking if gcc -std=gnu99 supports-Wpointer-arith
configure:11958: gcc -std=gnu99 -o conftest -g -O2 -Wpointer-arith   conftest.c  >&5
configure:11958: $? = 0
configure:11971: result: yes
configure:12059: checking if gcc -std=gnu99 supports-Wmissing-declarations
configure:12076: gcc -std=gnu99 -o conftest -g -O2 -Wmissing-declarations   conftest.c  >&5
configure:12076: $? = 0
configure:12089: result: yes
configure:12177: checking if gcc -std=gnu99 supports-Wformat=2
configure:12194: gcc -std=gnu99 -o conftest -g -O2 -Wformat=2   conftest.c  >&5
configure:12194: $? = 0
configure:12207: result: yes
configure:12346: checking if gcc -std=gnu99 supports-Wstrict-prototypes
configure:12363: gcc -std=gnu99 -o conftest -g -O2 -Wstrict-prototypes   conftest.c  >&5
conftest.c:25:1: warning: function declaration isn't a prototype [-Wstrict-prototypes]
 main ()
 ^
configure:12363: $? = 0
configure:12376: result: yes
configure:12464: checking if gcc -std=gnu99 supports-Wmissing-prototypes
configure:12481: gcc -std=gnu99 -o conftest -g -O2 -Wmissing-prototypes   conftest.c  >&5
configure:12481: $? = 0
configure:12494: result: yes
configure:12582: checking if gcc -std=gnu99 supports-Wnested-externs
configure:12599: gcc -std=gnu99 -o conftest -g -O2 -Wnested-externs   conftest.c  >&5
configure:12599: $? = 0
configure:12612: result: yes
configure:12700: checking if gcc -std=gnu99 supports-Wbad-function-cast
configure:12717: gcc -std=gnu99 -o conftest -g -O2 -Wbad-function-cast   conftest.c  >&5
configure:12717: $? = 0
configure:12730: result: yes
configure:12818: checking if gcc -std=gnu99 supports-Wold-style-definition
configure:12835: gcc -std=gnu99 -o conftest -g -O2 -Wold-style-definition   conftest.c  >&5
conftest.c: In function 'main':
conftest.c:25:1: warning: old-style function definition [-Wold-style-definition]
 main ()
 ^
configure:12835: $? = 0
configure:12848: result: yes
configure:12936: checking if gcc -std=gnu99 supports-Wdeclaration-after-statement
configure:12953: gcc -std=gnu99 -o conftest -g -O2 -Wdeclaration-after-statement   conftest.c  >&5
configure:12953: $? = 0
configure:12966: result: yes
configure:13058: checking if gcc -std=gnu99 supports-Wunused
configure:13075: gcc -std=gnu99 -o conftest -g -O2 -Wunused   conftest.c  >&5
configure:13075: $? = 0
configure:13088: result: yes
configure:13176: checking if gcc -std=gnu99 supports-Wuninitialized
configure:13193: gcc -std=gnu99 -o conftest -g -O2 -Wuninitialized   conftest.c  >&5
configure:13193: $? = 0
configure:13206: result: yes
configure:13294: checking if gcc -std=gnu99 supports-Wshadow
configure:13311: gcc -std=gnu99 -o conftest -g -O2 -Wshadow   conftest.c  >&5
configure:13311: $? = 0
configure:13324: result: yes
configure:13412: checking if gcc -std=gnu99 supports-Wcast-qual
configure:13429: gcc -std=gnu99 -o conftest -g -O2 -Wcast-qual   conftest.c  >&5
configure:13429: $? = 0
configure:13442: result: yes
configure:13530: checking if gcc -std=gnu99 supports-Wmissing-noreturn
configure:13547: gcc -std=gnu99 -o conftest -g -O2 -Wmissing-noreturn   conftest.c  >&5
configure:13547: $? = 0
configure:13560: result: yes
configure:13648: checking if gcc -std=gnu99 supports-Wmissing-format-attribute
configure:13665: gcc -std=gnu99 -o conftest -g -O2 -Wmissing-format-attribute   conftest.c  >&5
configure:13665: $? = 0
configure:13678: result: yes
configure:13766: checking if gcc -std=gnu99 supports-Wredundant-decls
configure:13783: gcc -std=gnu99 -o conftest -g -O2 -Wredundant-decls   conftest.c  >&5
configure:13783: $? = 0
configure:13796: result: yes
configure:13896: checking if gcc -std=gnu99 supports-Werror=implicit
configure:13913: gcc -std=gnu99 -o conftest -g -O2 -Werror=implicit   conftest.c  >&5
configure:13913: $? = 0
configure:13926: result: yes
configure:14063: checking if gcc -std=gnu99 supports-Werror=nonnull
configure:14080: gcc -std=gnu99 -o conftest -g -O2 -Werror=nonnull   conftest.c  >&5
configure:14080: $? = 0
configure:14093: result: yes
configure:14181: checking if gcc -std=gnu99 supports-Werror=init-self
configure:14198: gcc -std=gnu99 -o conftest -g -O2 -Werror=init-self   conftest.c  >&5
configure:14198: $? = 0
configure:14211: result: yes
configure:14299: checking if gcc -std=gnu99 supports-Werror=main
configure:14316: gcc -std=gnu99 -o conftest -g -O2 -Werror=main   conftest.c  >&5
configure:14316: $? = 0
configure:14329: result: yes
configure:14417: checking if gcc -std=gnu99 supports-Werror=missing-braces
configure:14434: gcc -std=gnu99 -o conftest -g -O2 -Werror=missing-braces   conftest.c  >&5
configure:14434: $? = 0
configure:14447: result: yes
configure:14535: checking if gcc -std=gnu99 supports-Werror=sequence-point
configure:14552: gcc -std=gnu99 -o conftest -g -O2 -Werror=sequence-point   conftest.c  >&5
configure:14552: $? = 0
configure:14565: result: yes
configure:14653: checking if gcc -std=gnu99 supports-Werror=return-type
configure:14670: gcc -std=gnu99 -o conftest -g -O2 -Werror=return-type   conftest.c  >&5
configure:14670: $? = 0
configure:14683: result: yes
configure:14820: checking if gcc -std=gnu99 supports-Werror=trigraphs
configure:14837: gcc -std=gnu99 -o conftest -g -O2 -Werror=trigraphs   conftest.c  >&5
configure:14837: $? = 0
configure:14850: result: yes
configure:14938: checking if gcc -std=gnu99 supports-Werror=array-bounds
configure:14955: gcc -std=gnu99 -o conftest -g -O2 -Werror=array-bounds   conftest.c  >&5
configure:14955: $? = 0
configure:14968: result: yes
configure:15056: checking if gcc -std=gnu99 supports-Werror=write-strings
configure:15073: gcc -std=gnu99 -o conftest -g -O2 -Werror=write-strings   conftest.c  >&5
configure:15073: $? = 0
configure:15086: result: yes
configure:15174: checking if gcc -std=gnu99 supports-Werror=address
configure:15191: gcc -std=gnu99 -o conftest -g -O2 -Werror=address   conftest.c  >&5
configure:15191: $? = 0
configure:15204: result: yes
configure:15292: checking if gcc -std=gnu99 supports-Werror=int-to-pointer-cast
configure:15309: gcc -std=gnu99 -o conftest -g -O2 -Werror=int-to-pointer-cast   conftest.c  >&5
configure:15309: $? = 0
configure:15322: result: yes
configure:15459: checking if gcc -std=gnu99 supports-Werror=pointer-to-int-cast
configure:15476: gcc -std=gnu99 -o conftest -g -O2 -Werror=pointer-to-int-cast   conftest.c  >&5
configure:15476: $? = 0
configure:15489: result: yes
configure:17147: checking if gcc -std=gnu99 supports-pedantic
configure:17164: gcc -std=gnu99 -o conftest -g -O2 -pedantic   conftest.c  >&5
configure:17164: $? = 0
configure:17177: result: yes
configure:17265: checking if gcc -std=gnu99 supports-Werror
configure:17282: gcc -std=gnu99 -o conftest -g -O2 -Werror   conftest.c  >&5
configure:17282: $? = 0
configure:17295: result: yes
configure:17435: checking if gcc -std=gnu99 supports-Werror=attributes
configure:17452: gcc -std=gnu99 -o conftest -g -O2 -Werror=attributes   conftest.c  >&5
configure:17452: $? = 0
configure:17465: result: yes
configure:17625: checking whether make supports nested variables
configure:17642: result: yes
configure:17658: checking for XORG
configure:17665: $PKG_CONFIG --exists --print-errors "xorg-server xproto inputproto"
configure:17668: $? = 0
configure:17682: $PKG_CONFIG --exists --print-errors "xorg-server xproto inputproto"
configure:17685: $? = 0
configure:17743: result: yes
configure:17888: checking that generated files are newer than configure
configure:17894: result: done
configure:17921: creating ./config.status

## ---------------------- ##
## Running config.status. ##
## ---------------------- ##

This file was extended by xf86-input-cmt config.status 0.0.1, which was
generated by GNU Autoconf 2.69.  Invocation command line was

  CONFIG_FILES    = 
  CONFIG_HEADERS  = 
  CONFIG_LINKS    = 
  CONFIG_COMMANDS = 
  $ ./config.status 

on blurp

config.status:1129: creating Makefile
config.status:1129: creating src/Makefile
config.status:1129: creating include/Makefile
config.status:1129: creating man/Makefile
config.status:1129: creating xorg-cmt.pc
config.status:1129: creating config.h
config.status:1310: config.h is unchanged
config.status:1358: executing depfiles commands
config.status:1358: executing libtool commands

## ---------------- ##
## Cache variables. ##
## ---------------- ##

ac_cv_build=x86_64-unknown-linux-gnu
ac_cv_c_compiler_gnu=yes
ac_cv_env_CC_set=
ac_cv_env_CC_value=
ac_cv_env_CFLAGS_set=
ac_cv_env_CFLAGS_value=
ac_cv_env_CPPFLAGS_set=
ac_cv_env_CPPFLAGS_value=
ac_cv_env_CPP_set=
ac_cv_env_CPP_value=
ac_cv_env_LDFLAGS_set=
ac_cv_env_LDFLAGS_value=
ac_cv_env_LIBS_set=
ac_cv_env_LIBS_value=
ac_cv_env_PKG_CONFIG_LIBDIR_set=
ac_cv_env_PKG_CONFIG_LIBDIR_value=
ac_cv_env_PKG_CONFIG_PATH_set=
ac_cv_env_PKG_CONFIG_PATH_value=
ac_cv_env_PKG_CONFIG_set=
ac_cv_env_PKG_CONFIG_value=
ac_cv_env_XORG_CFLAGS_set=
ac_cv_env_XORG_CFLAGS_value=
ac_cv_env_XORG_LIBS_set=
ac_cv_env_XORG_LIBS_value=
ac_cv_env_build_alias_set=
ac_cv_env_build_alias_value=
ac_cv_env_host_alias_set=
ac_cv_env_host_alias_value=
ac_cv_env_target_alias_set=
ac_cv_env_target_alias_value=
ac_cv_have_decl___INTEL_COMPILER=no
ac_cv_have_decl___SUNPRO_C=no
ac_cv_have_decl___clang__=no
ac_cv_header_dlfcn_h=yes
ac_cv_header_inttypes_h=yes
ac_cv_header_memory_h=yes
ac_cv_header_stdc=yes
ac_cv_header_stdint_h=yes
ac_cv_header_stdlib_h=yes
ac_cv_header_string_h=yes
ac_cv_header_strings_h=yes
ac_cv_header_sys_stat_h=yes
ac_cv_header_sys_types_h=yes
ac_cv_header_unistd_h=yes
ac_cv_host=x86_64-unknown-linux-gnu
ac_cv_objext=o
ac_cv_path_EGREP='/bin/grep -E'
ac_cv_path_FGREP='/bin/grep -F'
ac_cv_path_GREP=/bin/grep
ac_cv_path_SED=/bin/sed
ac_cv_path_ac_pt_PKG_CONFIG=/usr/bin/pkg-config
ac_cv_path_install='/usr/bin/install -c'
ac_cv_path_mkdir=/bin/mkdir
ac_cv_prog_AWK=gawk
ac_cv_prog_CPP='gcc -E'
ac_cv_prog_ac_ct_AR=ar
ac_cv_prog_ac_ct_CC=gcc
ac_cv_prog_ac_ct_MANIFEST_TOOL=mt
ac_cv_prog_ac_ct_OBJDUMP=objdump
ac_cv_prog_ac_ct_RANLIB=ranlib
ac_cv_prog_ac_ct_STRIP=strip
ac_cv_prog_cc_c89=
ac_cv_prog_cc_c99=-std=gnu99
ac_cv_prog_cc_g=yes
ac_cv_prog_make_make_set=yes
am_cv_CC_dependencies_compiler_type=gcc3
am_cv_make_support_nested_variables=yes
lt_cv_ar_at_file=@
lt_cv_archive_cmds_need_lc=no
lt_cv_deplibs_check_method=pass_all
lt_cv_file_magic_cmd='$MAGIC_CMD'
lt_cv_file_magic_test_file=
lt_cv_ld_reload_flag=-r
lt_cv_nm_interface='BSD nm'
lt_cv_objdir=.libs
lt_cv_path_LD=/usr/bin/ld
lt_cv_path_NM='/usr/bin/nm -B'
lt_cv_path_mainfest_tool=no
lt_cv_prog_compiler_c_o=yes
lt_cv_prog_compiler_pic='-fPIC -DPIC'
lt_cv_prog_compiler_pic_works=yes
lt_cv_prog_compiler_rtti_exceptions=no
lt_cv_prog_compiler_static_works=yes
lt_cv_prog_gnu_ld=yes
lt_cv_sharedlib_from_linklib_cmd='printf %s\n'
lt_cv_shlibpath_overrides_runpath=no
lt_cv_sys_global_symbol_pipe='sed -n -e '\''s/^.*[	 ]\([ABCDGIRSTW][ABCDGIRSTW]*\)[	 ][	 ]*\([_A-Za-z][_A-Za-z0-9]*\)$/\1 \2 \2/p'\'' | sed '\''/ __gnu_lto/d'\'''
lt_cv_sys_global_symbol_to_c_name_address='sed -n -e '\''s/^: \([^ ]*\)[ ]*$/  {\"\1\", (void *) 0},/p'\'' -e '\''s/^[ABCDGIRSTW]* \([^ ]*\) \([^ ]*\)$/  {"\2", (void *) \&\2},/p'\'''
lt_cv_sys_global_symbol_to_c_name_address_lib_prefix='sed -n -e '\''s/^: \([^ ]*\)[ ]*$/  {\"\1\", (void *) 0},/p'\'' -e '\''s/^[ABCDGIRSTW]* \([^ ]*\) \(lib[^ ]*\)$/  {"\2", (void *) \&\2},/p'\'' -e '\''s/^[ABCDGIRSTW]* \([^ ]*\) \([^ ]*\)$/  {"lib\2", (void *) \&\2},/p'\'''
lt_cv_sys_global_symbol_to_cdecl='sed -n -e '\''s/^T .* \(.*\)$/extern int \1();/p'\'' -e '\''s/^[ABCDGIRSTW]* .* \(.*\)$/extern char \1;/p'\'''
lt_cv_sys_max_cmd_len=1572864
lt_cv_to_host_file_cmd=func_convert_file_noop
lt_cv_to_tool_file_cmd=func_convert_file_noop
pkg_cv_XORG_CFLAGS='-fvisibility=hidden -pthread -I/usr/include/pixman-1 -I/usr/include/mirclient -I/usr/include/libdrm -I/usr/include/mircommon -I/usr/include/xorg -I/usr/include/X11/dri  '
pkg_cv_XORG_LIBS=' '
xorg_cv_cc_flag__Wall=yes
xorg_cv_cc_flag__Wbad_function_cast=yes
xorg_cv_cc_flag__Wcast_qual=yes
xorg_cv_cc_flag__Wdeclaration_after_statement=yes
xorg_cv_cc_flag__Werror=yes
xorg_cv_cc_flag__Werror_address=yes
xorg_cv_cc_flag__Werror_array_bounds=yes
xorg_cv_cc_flag__Werror_attributes=yes
xorg_cv_cc_flag__Werror_implicit=yes
xorg_cv_cc_flag__Werror_init_self=yes
xorg_cv_cc_flag__Werror_int_to_pointer_cast=yes
xorg_cv_cc_flag__Werror_main=yes
xorg_cv_cc_flag__Werror_missing_braces=yes
xorg_cv_cc_flag__Werror_nonnull=yes
xorg_cv_cc_flag__Werror_pointer_to_int_cast=yes
xorg_cv_cc_flag__Werror_return_type=yes
xorg_cv_cc_flag__Werror_sequence_point=yes
xorg_cv_cc_flag__Werror_trigraphs=yes
xorg_cv_cc_flag__Werror_write_strings=yes
xorg_cv_cc_flag__Wformat_2=yes
xorg_cv_cc_flag__Wmissing_declarations=yes
xorg_cv_cc_flag__Wmissing_format_attribute=yes
xorg_cv_cc_flag__Wmissing_noreturn=yes
xorg_cv_cc_flag__Wmissing_prototypes=yes
xorg_cv_cc_flag__Wnested_externs=yes
xorg_cv_cc_flag__Wold_style_definition=yes
xorg_cv_cc_flag__Wpointer_arith=yes
xorg_cv_cc_flag__Wredundant_decls=yes
xorg_cv_cc_flag__Wshadow=yes
xorg_cv_cc_flag__Wstrict_prototypes=yes
xorg_cv_cc_flag__Wuninitialized=yes
xorg_cv_cc_flag__Wunused=yes
xorg_cv_cc_flag__pedantic=yes
xorg_cv_cc_flag_unknown_warning_option=no
xorg_cv_cc_flag_unused_command_line_argument=no

## ----------------- ##
## Output variables. ##
## ----------------- ##

ACLOCAL='${SHELL} /home/hugh/chromeos/xf86-input-cmt/missing aclocal-1.13'
ADMIN_MAN_DIR='$(mandir)/man$(ADMIN_MAN_SUFFIX)'
ADMIN_MAN_SUFFIX='8'
AMDEPBACKSLASH='\'
AMDEP_FALSE='#'
AMDEP_TRUE=''
AMTAR='$${TAR-tar}'
AM_BACKSLASH='\'
AM_DEFAULT_V='$(AM_DEFAULT_VERBOSITY)'
AM_DEFAULT_VERBOSITY='0'
AM_V='$(V)'
APP_MAN_DIR='$(mandir)/man$(APP_MAN_SUFFIX)'
APP_MAN_SUFFIX='1'
AR='ar'
AUTOCONF='${SHELL} /home/hugh/chromeos/xf86-input-cmt/missing autoconf'
AUTOHEADER='${SHELL} /home/hugh/chromeos/xf86-input-cmt/missing autoheader'
AUTOMAKE='${SHELL} /home/hugh/chromeos/xf86-input-cmt/missing automake-1.13'
AWK='gawk'
BASE_CFLAGS=' -Wall -Wpointer-arith -Wmissing-declarations -Wformat=2 -Wstrict-prototypes -Wmissing-prototypes -Wnested-externs -Wbad-function-cast -Wold-style-definition -Wdeclaration-after-statement -Wunused -Wuninitialized -Wshadow -Wcast-qual -Wmissing-noreturn -Wmissing-format-attribute -Wredundant-decls -Werror=implicit -Werror=nonnull -Werror=init-self -Werror=main -Werror=missing-braces -Werror=sequence-point -Werror=return-type -Werror=trigraphs -Werror=array-bounds -Werror=write-strings -Werror=address -Werror=int-to-pointer-cast -Werror=pointer-to-int-cast'
CC='gcc -std=gnu99'
CCDEPMODE='depmode=gcc3'
CFLAGS='-g -O2'
CHANGELOG_CMD='(GIT_DIR=$(top_srcdir)/.git git log > $(top_srcdir)/.changelog.tmp && mv $(top_srcdir)/.changelog.tmp $(top_srcdir)/ChangeLog) || (rm -f $(top_srcdir)/.changelog.tmp; touch $(top_srcdir)/ChangeLog; echo '\''git directory not found: installing possibly empty changelog.'\'' >&2)'
CPP='gcc -E'
CPPFLAGS=''
CWARNFLAGS=' -Wall -Wpointer-arith -Wmissing-declarations -Wformat=2 -Wstrict-prototypes -Wmissing-prototypes -Wnested-externs -Wbad-function-cast -Wold-style-definition -Wdeclaration-after-statement -Wunused -Wuninitialized -Wshadow -Wcast-qual -Wmissing-noreturn -Wmissing-format-attribute -Wredundant-decls -Werror=implicit -Werror=nonnull -Werror=init-self -Werror=main -Werror=missing-braces -Werror=sequence-point -Werror=return-type -Werror=trigraphs -Werror=array-bounds -Werror=write-strings -Werror=address -Werror=int-to-pointer-cast -Werror=pointer-to-int-cast -fno-strict-aliasing'
CYGPATH_W='echo'
DEFS='-DHAVE_CONFIG_H'
DEPDIR='.deps'
DLLTOOL='false'
DRIVER_MAN_DIR='$(mandir)/man$(DRIVER_MAN_SUFFIX)'
DRIVER_MAN_SUFFIX='4'
DRIVER_NAME='cmt'
DSYMUTIL=''
DUMPBIN=''
ECHO_C=''
ECHO_N='-n'
ECHO_T=''
EGREP='/bin/grep -E'
EXEEXT=''
FGREP='/bin/grep -F'
FILE_MAN_DIR='$(mandir)/man$(FILE_MAN_SUFFIX)'
FILE_MAN_SUFFIX='5'
GREP='/bin/grep'
INSTALL_CMD='(cp -f /usr/share/util-macros/INSTALL $(top_srcdir)/.INSTALL.tmp && mv $(top_srcdir)/.INSTALL.tmp $(top_srcdir)/INSTALL) || (rm -f $(top_srcdir)/.INSTALL.tmp; touch $(top_srcdir)/INSTALL; echo '\''util-macros "pkgdatadir" from xorg-macros.pc not found: installing possibly empty INSTALL.'\'' >&2)'
INSTALL_DATA='${INSTALL} -m 644'
INSTALL_PROGRAM='${INSTALL}'
INSTALL_SCRIPT='${INSTALL}'
INSTALL_STRIP_PROGRAM='$(install_sh) -c -s'
LD='/usr/bin/ld -m elf_x86_64'
LDFLAGS=''
LIBOBJS=''
LIBS=''
LIBTOOL='$(SHELL) $(top_builddir)/libtool'
LIB_MAN_DIR='$(mandir)/man$(LIB_MAN_SUFFIX)'
LIB_MAN_SUFFIX='3'
LIPO=''
LN_S='ln -s'
LTLIBOBJS=''
MAINT='#'
MAINTAINER_MODE_FALSE=''
MAINTAINER_MODE_TRUE='#'
MAKEINFO='${SHELL} /home/hugh/chromeos/xf86-input-cmt/missing makeinfo'
MANIFEST_TOOL=':'
MAN_SUBSTS='	-e '\''s|__vendorversion__|"$(PACKAGE_STRING)" "$(XORG_MAN_PAGE)"|'\'' 	-e '\''s|__xorgversion__|"$(PACKAGE_STRING)" "$(XORG_MAN_PAGE)"|'\'' 	-e '\''s|__xservername__|Xorg|g'\'' 	-e '\''s|__xconfigfile__|xorg.conf|g'\'' 	-e '\''s|__projectroot__|$(prefix)|g'\'' 	-e '\''s|__apploaddir__|$(appdefaultdir)|g'\'' 	-e '\''s|__appmansuffix__|$(APP_MAN_SUFFIX)|g'\'' 	-e '\''s|__drivermansuffix__|$(DRIVER_MAN_SUFFIX)|g'\'' 	-e '\''s|__adminmansuffix__|$(ADMIN_MAN_SUFFIX)|g'\'' 	-e '\''s|__libmansuffix__|$(LIB_MAN_SUFFIX)|g'\'' 	-e '\''s|__miscmansuffix__|$(MISC_MAN_SUFFIX)|g'\'' 	-e '\''s|__filemansuffix__|$(FILE_MAN_SUFFIX)|g'\'''
MISC_MAN_DIR='$(mandir)/man$(MISC_MAN_SUFFIX)'
MISC_MAN_SUFFIX='7'
MKDIR_P='/bin/mkdir -p'
NM='/usr/bin/nm -B'
NMEDIT=''
OBJDUMP='objdump'
OBJEXT='o'
OTOOL64=''
OTOOL=''
PACKAGE='xf86-input-cmt'
PACKAGE_BUGREPORT='http://crosbug.com/'
PACKAGE_NAME='xf86-input-cmt'
PACKAGE_STRING='xf86-input-cmt 0.0.1'
PACKAGE_TARNAME='xf86-input-cmt'
PACKAGE_URL=''
PACKAGE_VERSION='0.0.1'
PATH_SEPARATOR=':'
PKG_CONFIG='/usr/bin/pkg-config'
PKG_CONFIG_LIBDIR=''
PKG_CONFIG_PATH=''
RANLIB='ranlib'
SED='/bin/sed'
SET_MAKE=''
SHELL='/bin/bash'
STRICT_CFLAGS=' -pedantic -Werror -Werror=attributes'
STRIP='strip'
VERSION='0.0.1'
XORG_CFLAGS='-fvisibility=hidden -pthread -I/usr/include/pixman-1 -I/usr/include/mirclient -I/usr/include/libdrm -I/usr/include/mircommon -I/usr/include/xorg -I/usr/include/X11/dri  '
XORG_LIBS=' '
XORG_MAN_PAGE='X Version 11'
ac_ct_AR='ar'
ac_ct_CC='gcc'
ac_ct_DUMPBIN=''
am__EXEEXT_FALSE=''
am__EXEEXT_TRUE='#'
am__fastdepCC_FALSE='#'
am__fastdepCC_TRUE=''
am__include='include'
am__isrc=''
am__leading_dot='.'
am__nodep='_no'
am__quote=''
am__tar='$${TAR-tar} chof - "$$tardir"'
am__untar='$${TAR-tar} xf -'
bindir='${exec_prefix}/bin'
build='x86_64-unknown-linux-gnu'
build_alias=''
build_cpu='x86_64'
build_os='linux-gnu'
build_vendor='unknown'
datadir='${datarootdir}'
datarootdir='${prefix}/share'
docdir='${datarootdir}/doc/${PACKAGE_TARNAME}'
dvidir='${docdir}'
exec_prefix='${prefix}'
host='x86_64-unknown-linux-gnu'
host_alias=''
host_cpu='x86_64'
host_os='linux-gnu'
host_vendor='unknown'
htmldir='${docdir}'
includedir='${prefix}/include'
infodir='${datarootdir}/info'
inputdir='${exec_prefix}/lib/xorg/modules/input'
install_sh='${SHELL} /home/hugh/chromeos/xf86-input-cmt/install-sh'
libdir='${exec_prefix}/lib'
libexecdir='${exec_prefix}/libexec'
localedir='${datarootdir}/locale'
localstatedir='${prefix}/var'
mandir='${datarootdir}/man'
mkdir_p='$(MKDIR_P)'
oldincludedir='/usr/include'
pdfdir='${docdir}'
prefix='/usr'
program_transform_name='s,x,x,'
psdir='${docdir}'
sbindir='${exec_prefix}/sbin'
sdkdir='/usr/include/xorg'
sharedstatedir='${prefix}/com'
sysconfdir='${prefix}/etc'
target_alias=''

## ----------- ##
## confdefs.h. ##
## ----------- ##

/* confdefs.h */
#define PACKAGE_NAME "xf86-input-cmt"
#define PACKAGE_TARNAME "xf86-input-cmt"
#define PACKAGE_VERSION "0.0.1"
#define PACKAGE_STRING "xf86-input-cmt 0.0.1"
#define PACKAGE_BUGREPORT "http://crosbug.com/"
#define PACKAGE_URL ""
#define PACKAGE "xf86-input-cmt"
#define VERSION "0.0.1"
#define STDC_HEADERS 1
#define HAVE_SYS_TYPES_H 1
#define HAVE_SYS_STAT_H 1
#define HAVE_STDLIB_H 1
#define HAVE_STRING_H 1
#define HAVE_MEMORY_H 1
#define HAVE_STRINGS_H 1
#define HAVE_INTTYPES_H 1
#define HAVE_STDINT_H 1
#define HAVE_UNISTD_H 1
#define HAVE_DLFCN_H 1
#define LT_OBJDIR ".libs/"
#define PACKAGE_VERSION_MAJOR 0
#define PACKAGE_VERSION_MINOR 0
#define PACKAGE_VERSION_PATCHLEVEL 1

configure: exit 0
